<?xml version="1.0" encoding="UTF-8"?>
<!-- Generated by org.testng.reporters.JUnitXMLReporter -->
<testsuite ignored="1" hostname="DESKTOP-CU93472" failures="0" tests="1" name="Flipcart Test" time="17.577" errors="0" timestamp="2025-06-30T08:51:54 IST">
  <testcase classname="com.TestngDemo.D05TestFlipcart" name="testOnMobiles" time="3.898"/>
  <testcase classname="com.TestngDemo.D05TestFlipcart" name="testOnAppliances" time="0.0">
    <ignored/>
  </testcase> <!-- testOnAppliances -->
</testsuite> <!-- Flipcart Test -->
