<?xml version="1.0" encoding="UTF-8"?>
<testng-results ignored="0" total="1" passed="1" failed="0" skipped="0">
  <reporter-output>
  </reporter-output>
  <suite started-at="2025-07-09T10:10:21 IST" name="Default suite" finished-at="2025-07-09T10:10:29 IST" duration-ms="8115">
    <groups>
    </groups>
    <test started-at="2025-07-09T10:10:21 IST" name="Default test" finished-at="2025-07-09T10:10:29 IST" duration-ms="8115">
      <class name="com.MyTest.D02TestngDemo">
        <test-method is-config="true" signature="beforeTest()[pri:0, instance:com.MyTest.D02TestngDemo@6a6cb05c]" started-at="2025-07-09T10:10:21 IST" name="beforeTest" finished-at="2025-07-09T10:10:26 IST" duration-ms="4871" status="PASS">
          <reporter-output>
          </reporter-output>
        </test-method> <!-- beforeTest -->
        <test-method signature="f()[pri:0, instance:com.MyTest.D02TestngDemo@6a6cb05c]" started-at="2025-07-09T10:10:26 IST" name="f" finished-at="2025-07-09T10:10:29 IST" duration-ms="2462" status="PASS">
          <reporter-output>
          </reporter-output>
        </test-method> <!-- f -->
        <test-method is-config="true" signature="afterTest()[pri:0, instance:com.MyTest.D02TestngDemo@6a6cb05c]" started-at="2025-07-09T10:10:29 IST" name="afterTest" finished-at="2025-07-09T10:10:29 IST" duration-ms="642" status="PASS">
          <reporter-output>
          </reporter-output>
        </test-method> <!-- afterTest -->
      </class> <!-- com.MyTest.D02TestngDemo -->
    </test> <!-- Default test -->
  </suite> <!-- Default suite -->
</testng-results>
