<?xml version="1.0" encoding="UTF-8"?>
<!-- Generated by org.testng.reporters.JUnitXMLReporter -->
<testsuite ignored="0" hostname="DESKTOP-CU93472" failures="0" tests="1" name="Practice Test" time="27.035" errors="0" timestamp="2025-06-30T09:36:50 IST">
  <testcase classname="com.TestngDemo.D08ParameterTesting" name="@AfterMethod afterMethod" time="0.297">
    <failure type="org.openqa.selenium.JavascriptException" message="javascript error: Cannot read properties of undefined (reading &amp;apos;click&amp;apos;)
  (Session info: MicrosoftEdge=138.0.3351.55)
Build info: version: &amp;apos;4.33.0&amp;apos;, revision: &amp;apos;2c6aaad03a&amp;apos;
System info: os.name: &amp;apos;Windows 10&amp;apos;, os.arch: &amp;apos;amd64&amp;apos;, os.version: &amp;apos;10.0&amp;apos;, java.version: &amp;apos;21.0.7&amp;apos;
Driver info: org.openqa.selenium.edge.EdgeDriver
Command: [a853f18e6c288449b84d720e9220139c, executeScript {args=[], script=window.scrollBy(0,200).click()}]
Capabilities {acceptInsecureCerts: false, browserName: MicrosoftEdge, browserVersion: 138.0.3351.55, fedcm:accounts: true, ms:edgeOptions: {debuggerAddress: localhost:53153}, msedge: {msedgedriverVersion: 138.0.3351.55 (3171b71f28b7..., userDataDir: C:\Users\Admin\AppData\Loca...}, networkConnectionEnabled: false, pageLoadStrategy: normal, platformName: windows, proxy: Proxy(), se:cdp: ws://localhost:53153/devtoo..., se:cdpVersion: 138.0.3351.55, setWindowRect: true, strictFileInteractability: false, timeouts: {implicit: 0, pageLoad: 300000, script: 30000}, unhandledPromptBehavior: dismiss and notify, webauthn:extension:credBlob: true, webauthn:extension:largeBlob: true, webauthn:extension:minPinLength: true, webauthn:extension:prf: true, webauthn:virtualAuthenticators: true}
Session ID: a853f18e6c288449b84d720e9220139c">
      <![CDATA[org.openqa.selenium.JavascriptException: javascript error: Cannot read properties of undefined (reading 'click')
  (Session info: MicrosoftEdge=138.0.3351.55)
Build info: version: '4.33.0', revision: '2c6aaad03a'
System info: os.name: 'Windows 10', os.arch: 'amd64', os.version: '10.0', java.version: '21.0.7'
Driver info: org.openqa.selenium.edge.EdgeDriver
Command: [a853f18e6c288449b84d720e9220139c, executeScript {args=[], script=window.scrollBy(0,200).click()}]
Capabilities {acceptInsecureCerts: false, browserName: MicrosoftEdge, browserVersion: 138.0.3351.55, fedcm:accounts: true, ms:edgeOptions: {debuggerAddress: localhost:53153}, msedge: {msedgedriverVersion: 138.0.3351.55 (3171b71f28b7..., userDataDir: C:\Users\Admin\AppData\Loca...}, networkConnectionEnabled: false, pageLoadStrategy: normal, platformName: windows, proxy: Proxy(), se:cdp: ws://localhost:53153/devtoo..., se:cdpVersion: 138.0.3351.55, setWindowRect: true, strictFileInteractability: false, timeouts: {implicit: 0, pageLoad: 300000, script: 30000}, unhandledPromptBehavior: dismiss and notify, webauthn:extension:credBlob: true, webauthn:extension:largeBlob: true, webauthn:extension:minPinLength: true, webauthn:extension:prf: true, webauthn:virtualAuthenticators: true}
Session ID: a853f18e6c288449b84d720e9220139c
at org.openqa.selenium.remote.ErrorCodec.decode(ErrorCodec.java:167)
at org.openqa.selenium.remote.codec.w3c.W3CHttpResponseCodec.decode(W3CHttpResponseCodec.java:138)
at org.openqa.selenium.remote.codec.w3c.W3CHttpResponseCodec.decode(W3CHttpResponseCodec.java:50)
at org.openqa.selenium.remote.HttpCommandExecutor.execute(HttpCommandExecutor.java:215)
at org.openqa.selenium.remote.service.DriverCommandExecutor.invokeExecute(DriverCommandExecutor.java:216)
at org.openqa.selenium.remote.service.DriverCommandExecutor.execute(DriverCommandExecutor.java:174)
at org.openqa.selenium.remote.RemoteWebDriver.execute(RemoteWebDriver.java:544)
at org.openqa.selenium.remote.RemoteWebDriver.executeScript(RemoteWebDriver.java:475)
at com.TestngDemo.D08ParameterTesting.afterMethod(D08ParameterTesting.java:40)
at java.base/java.util.ArrayList.forEach(ArrayList.java:1596)
... Removed 33 stack frames]]>
    </failure>
  </testcase> <!-- @AfterMethod afterMethod -->
  <testcase classname="com.TestngDemo.D08ParameterTesting" name="f" time="7.768"/>
</testsuite> <!-- Practice Test -->
