<?xml version="1.0" encoding="UTF-8"?>
<!-- Generated by org.testng.reporters.JUnitReportReporter -->
<testsuite hostname="DESKTOP-CU93472" failures="0" tests="3" name="com.MyTest.D03ExcelDataReaderTestNG" time="0.047" errors="0" timestamp="2025-07-11T09:31:28 IST" skipped="0">
  <testcase classname="com.MyTest.D03ExcelDataReaderTestNG" name="loginTest" time="0.012"/>
  <testcase classname="com.MyTest.D03ExcelDataReaderTestNG" name="loginTest" time="0.008"/>
  <testcase classname="com.MyTest.D03ExcelDataReaderTestNG" name="loginTest" time="0.027"/>
</testsuite> <!-- com.MyTest.D03ExcelDataReaderTestNG -->
