<?xml version="1.0" encoding="UTF-8"?>
<testng-results ignored="0" total="1" passed="1" failed="0" skipped="0">
  <reporter-output>
  </reporter-output>
  <suite started-at="2025-07-05T10:38:26 IST" name="Default suite" finished-at="2025-07-05T10:38:29 IST" duration-ms="2685">
    <groups>
    </groups>
    <test started-at="2025-07-05T10:38:26 IST" name="Default test" finished-at="2025-07-05T10:38:29 IST" duration-ms="2685">
      <class name="com.TestngDemo.D14ExcelReadData">
        <test-method is-config="true" signature="beforeTest()[pri:0, instance:com.TestngDemo.D14ExcelReadData@3c9754d8]" started-at="2025-07-05T10:38:26 IST" name="beforeTest" finished-at="2025-07-05T10:38:29 IST" duration-ms="2467" status="PASS">
          <reporter-output>
          </reporter-output>
        </test-method> <!-- beforeTest -->
        <test-method signature="readAllData()[pri:0, instance:com.TestngDemo.D14ExcelReadData@3c9754d8]" started-at="2025-07-05T10:38:29 IST" name="readAllData" finished-at="2025-07-05T10:38:29 IST" duration-ms="47" status="PASS">
          <reporter-output>
          </reporter-output>
        </test-method> <!-- readAllData -->
        <test-method is-config="true" signature="afterTest()[pri:0, instance:com.TestngDemo.D14ExcelReadData@3c9754d8]" started-at="2025-07-05T10:38:29 IST" name="afterTest" finished-at="2025-07-05T10:38:29 IST" duration-ms="1" status="PASS">
          <reporter-output>
          </reporter-output>
        </test-method> <!-- afterTest -->
      </class> <!-- com.TestngDemo.D14ExcelReadData -->
    </test> <!-- Default test -->
  </suite> <!-- Default suite -->
</testng-results>
