<?xml version="1.0" encoding="UTF-8"?>
<testng-results ignored="0" total="2" passed="2" failed="0" skipped="0">
  <reporter-output>
  </reporter-output>
  <suite started-at="2025-06-27T10:33:37 IST" name="Default suite" finished-at="2025-06-27T10:33:55 IST" duration-ms="17800">
    <groups>
    </groups>
    <test started-at="2025-06-27T10:33:37 IST" name="Default test" finished-at="2025-06-27T10:33:55 IST" duration-ms="17800">
      <class name="com.TestngDemo.D06DataProviderDemo">
        <test-method is-config="true" signature="beforeTest()[pri:0, instance:com.TestngDemo.D06DataProviderDemo@7c6908d7]" started-at="2025-06-27T10:33:37 IST" name="beforeTest" finished-at="2025-06-27T10:33:42 IST" duration-ms="4840" status="PASS">
          <reporter-output>
          </reporter-output>
        </test-method> <!-- beforeTest -->
        <test-method is-config="true" signature="launchBrowser()[pri:0, instance:com.TestngDemo.D06DataProviderDemo@7c6908d7]" started-at="2025-06-27T10:33:42 IST" name="launchBrowser" finished-at="2025-06-27T10:33:46 IST" duration-ms="3346" status="PASS">
          <reporter-output>
          </reporter-output>
        </test-method> <!-- launchBrowser -->
        <test-method signature="f(java.lang.String,java.lang.String)[pri:0, instance:com.TestngDemo.D06DataProviderDemo@7c6908d7]" started-at="2025-06-27T10:33:46 IST" name="f" data-provider="dp" finished-at="2025-06-27T10:33:47 IST" duration-ms="1172" status="PASS">
          <params>
            <param index="0">
              <value>
                <![CDATA[Admin]]>
              </value>
            </param>
            <param index="1">
              <value>
                <![CDATA[admin123]]>
              </value>
            </param>
          </params>
          <reporter-output>
          </reporter-output>
        </test-method> <!-- f -->
        <test-method is-config="true" signature="logout()[pri:0, instance:com.TestngDemo.D06DataProviderDemo@7c6908d7]" started-at="2025-06-27T10:33:47 IST" name="logout" finished-at="2025-06-27T10:33:50 IST" duration-ms="3326" status="PASS">
          <reporter-output>
          </reporter-output>
        </test-method> <!-- logout -->
        <test-method is-config="true" signature="launchBrowser()[pri:0, instance:com.TestngDemo.D06DataProviderDemo@7c6908d7]" started-at="2025-06-27T10:33:50 IST" name="launchBrowser" finished-at="2025-06-27T10:33:51 IST" duration-ms="563" status="PASS">
          <reporter-output>
          </reporter-output>
        </test-method> <!-- launchBrowser -->
        <test-method signature="f(java.lang.String,java.lang.String)[pri:0, instance:com.TestngDemo.D06DataProviderDemo@7c6908d7]" started-at="2025-06-27T10:33:51 IST" name="f" data-provider="dp" finished-at="2025-06-27T10:33:52 IST" duration-ms="971" status="PASS">
          <params>
            <param index="0">
              <value>
                <![CDATA[Admin]]>
              </value>
            </param>
            <param index="1">
              <value>
                <![CDATA[admin123]]>
              </value>
            </param>
          </params>
          <reporter-output>
          </reporter-output>
        </test-method> <!-- f -->
        <test-method is-config="true" signature="logout()[pri:0, instance:com.TestngDemo.D06DataProviderDemo@7c6908d7]" started-at="2025-06-27T10:33:52 IST" name="logout" finished-at="2025-06-27T10:33:55 IST" duration-ms="3171" status="PASS">
          <reporter-output>
          </reporter-output>
        </test-method> <!-- logout -->
        <test-method is-config="true" signature="afterTest()[pri:0, instance:com.TestngDemo.D06DataProviderDemo@7c6908d7]" started-at="2025-06-27T10:33:55 IST" name="afterTest" finished-at="2025-06-27T10:33:55 IST" duration-ms="277" status="PASS">
          <reporter-output>
          </reporter-output>
        </test-method> <!-- afterTest -->
      </class> <!-- com.TestngDemo.D06DataProviderDemo -->
    </test> <!-- Default test -->
  </suite> <!-- Default suite -->
</testng-results>
