<?xml version="1.0" encoding="UTF-8"?>
<!-- Generated by org.testng.reporters.JUnitXMLReporter -->
<testsuite ignored="1" hostname="DESKTOP-CU93472" failures="0" tests="1" name="singletest" time="22.236" errors="0" timestamp="2025-06-28T10:15:58 IST">
  <testcase classname="com.TestngDemo.D05TestFlipcart" name="testOnAppliances" time="3.946"/>
  <testcase classname="com.TestngDemo.D05TestFlipcart" name="testOnMobiles" time="0.0">
    <ignored/>
  </testcase> <!-- testOnMobiles -->
</testsuite> <!-- singletest -->
