<?xml version="1.0" encoding="UTF-8"?>
<!-- Generated by org.testng.reporters.JUnitReportReporter -->
<testsuite hostname="DESKTOP-CU93472" failures="0" tests="2" name="com.TestngDemo.D13ExcelWriteUsingDataProvider" time="0.042" errors="0" timestamp="2025-07-05T09:59:59 IST" skipped="0">
  <testcase classname="com.TestngDemo.D13ExcelWriteUsingDataProvider" name="writeExcel" time="0.026"/>
  <testcase classname="com.TestngDemo.D13ExcelWriteUsingDataProvider" name="writeExcel" time="0.016"/>
</testsuite> <!-- com.TestngDemo.D13ExcelWriteUsingDataProvider -->
