<?xml version="1.0" encoding="UTF-8"?>
<!-- Generated by org.testng.reporters.JUnitReportReporter -->
<testsuite hostname="DESKTOP-CU93472" failures="0" tests="2" name="com.TestngDemo.D07AssertTestNGDemo" time="13.874" errors="0" timestamp="2025-06-28T09:39:43 IST" skipped="0">
  <testcase classname="com.TestngDemo.D07AssertTestNGDemo" name="f" time="4.972"/>
  <testcase classname="com.TestngDemo.D07AssertTestNGDemo" name="f" time="8.902"/>
</testsuite> <!-- com.TestngDemo.D07AssertTestNGDemo -->
