<?xml version="1.0" encoding="UTF-8"?>
<!-- Generated by org.testng.reporters.JUnitReportReporter -->
<testsuite hostname="DESKTOP-CU93472" failures="0" tests="2" name="com.TestngDemo.D10POMClientDemo" time="1.947" errors="0" timestamp="2025-07-01T09:53:11 IST" skipped="0">
  <testcase classname="com.TestngDemo.D10POMClientDemo" name="createAccount1" time="1.062"/>
  <testcase classname="com.TestngDemo.D10POMClientDemo" name="createAccount2" time="0.885"/>
</testsuite> <!-- com.TestngDemo.D10POMClientDemo -->
