<?xml version="1.0" encoding="UTF-8"?>
<!-- Generated by org.testng.reporters.JUnitReportReporter -->
<testsuite hostname="DESKTOP-CU93472" failures="0" tests="2" name="com.TestngDemo.D15AllTestNGAnnotations" time="0.067" errors="0" timestamp="2025-07-06T11:01:32 IST" skipped="0">
  <testcase classname="com.TestngDemo.D15AllTestNGAnnotations" name="test2" time="0.014"/>
  <testcase classname="com.TestngDemo.D15AllTestNGAnnotations" name="test1" time="0.053"/>
</testsuite> <!-- com.TestngDemo.D15AllTestNGAnnotations -->
