<?xml version="1.0" encoding="UTF-8"?>
<!-- Generated by org.testng.reporters.JUnitReportReporter -->
<testsuite hostname="DESKTOP-CU93472" failures="0" tests="3" name="com.TestngDemo.D02Before_After_Test" time="12.244" errors="0" timestamp="2025-06-26T10:28:50 IST" skipped="0">
  <testcase classname="com.TestngDemo.D02Before_After_Test" name="testMyntra" time="1.897"/>
  <testcase classname="com.TestngDemo.D02Before_After_Test" name="testAmezon" time="3.176"/>
  <testcase classname="com.TestngDemo.D02Before_After_Test" name="testFlipcart" time="7.171"/>
</testsuite> <!-- com.TestngDemo.D02Before_After_Test -->
