<?xml version="1.0" encoding="UTF-8"?>
<!-- Generated by org.testng.reporters.JUnitReportReporter -->
<testsuite hostname="DESKTOP-CU93472" failures="0" tests="2" name="com.TestngDemo.D06DataProviderDemo" time="12.549" errors="0" timestamp="2025-06-27T10:33:56 IST" skipped="0">
  <testcase classname="com.TestngDemo.D06DataProviderDemo" name="f" time="4.860"/>
  <testcase classname="com.TestngDemo.D06DataProviderDemo" name="f" time="7.689"/>
</testsuite> <!-- com.TestngDemo.D06DataProviderDemo -->
