<?xml version="1.0" encoding="UTF-8"?>
<!-- Generated by org.testng.reporters.JUnitReportReporter -->
<testsuite hostname="DESKTOP-CU93472" failures="0" tests="3" name="com.TestngDemo.TestMethodDemo" time="40.925" errors="0" timestamp="2025-06-26T10:07:58 IST" skipped="0">
  <testcase classname="com.TestngDemo.TestMethodDemo" name="testMyntra" time="11.578"/>
  <testcase classname="com.TestngDemo.TestMethodDemo" name="testAmezon" time="17.221"/>
  <testcase classname="com.TestngDemo.TestMethodDemo" name="testFlipcart" time="12.126"/>
</testsuite> <!-- com.TestngDemo.TestMethodDemo -->
