<?xml version="1.0" encoding="UTF-8"?>
<!-- Generated by org.testng.reporters.JUnitReportReporter -->
<testsuite hostname="DESKTOP-CU93472" failures="0" tests="2" name="com.TestngDemo.D05TestFlipcart" time="22.325" errors="0" timestamp="2025-06-27T09:32:49 IST" skipped="0">
  <testcase classname="com.TestngDemo.D05TestFlipcart" name="testOnMobiles" time="10.517"/>
  <testcase classname="com.TestngDemo.D05TestFlipcart" name="testOnAppliances" time="11.808"/>
</testsuite> <!-- com.TestngDemo.D05TestFlipcart -->
