<?xml version="1.0" encoding="UTF-8"?>
<!-- Generated by org.testng.reporters.JUnitReportReporter -->
<testsuite hostname="DESKTOP-CU93472" failures="0" tests="2" name="com.TestngDemo.D06DataProviderDemo" time="16.146" errors="0" timestamp="2025-06-28T10:37:39 IST" skipped="0">
  <testcase classname="com.TestngDemo.D06DataProviderDemo" name="f" time="5.824"/>
  <testcase classname="com.TestngDemo.D06DataProviderDemo" name="f" time="10.322"/>
</testsuite> <!-- com.TestngDemo.D06DataProviderDemo -->
