<?xml version="1.0" encoding="UTF-8"?>
<!-- Generated by org.testng.reporters.JUnitReportReporter -->
<testsuite hostname="DESKTOP-CU93472" failures="0" tests="3" name="com.TestngDemo.D04Before_After_Method" time="17.244" errors="0" timestamp="2025-06-26T10:41:26 IST" skipped="0">
  <testcase classname="com.TestngDemo.D04Before_After_Method" name="testMyntra" time="2.183"/>
  <testcase classname="com.TestngDemo.D04Before_After_Method" name="testAmezon" time="7.358"/>
  <testcase classname="com.TestngDemo.D04Before_After_Method" name="testFlipcart" time="7.703"/>
</testsuite> <!-- com.TestngDemo.D04Before_After_Method -->
